0 info it worked if it ends with ok
1 verbose cli [ 'node', '/usr/local/bin/npm', 'install', 'q', '--save' ]
2 info using npm@1.4.28
3 info using node@v0.10.32
4 warn package.json Importer-NodeJs-Server@0.0.1 No README data
5 warn package.json http@0.0.0 http is also the name of a node core module.
6 warn package.json http@0.0.0 No description
7 warn package.json http@0.0.0 No repository field.
8 verbose readDependencies using package.json deps
9 verbose cache add [ 'q', null ]
10 verbose cache add name=undefined spec="q" args=["q",null]
11 verbose parsed url { protocol: null,
11 verbose parsed url   slashes: null,
11 verbose parsed url   auth: null,
11 verbose parsed url   host: null,
11 verbose parsed url   port: null,
11 verbose parsed url   hostname: null,
11 verbose parsed url   hash: null,
11 verbose parsed url   search: null,
11 verbose parsed url   query: null,
11 verbose parsed url   pathname: 'q',
11 verbose parsed url   path: 'q',
11 verbose parsed url   href: 'q' }
12 silly lockFile 22ea1c64-q q
13 verbose lock q /Users/touzeyu/.npm/22ea1c64-q.lock
14 silly lockFile 22ea1c64-q q
15 silly lockFile 22ea1c64-q q
16 verbose addNamed [ 'q', '' ]
17 verbose addNamed [ null, '*' ]
18 silly lockFile f83edb5d-q q@
19 verbose lock q@ /Users/touzeyu/.npm/f83edb5d-q.lock
20 silly addNameRange { name: 'q', range: '*', hasData: false }
21 verbose request where is /q
22 verbose request registry https://registry.npmjs.org/
23 verbose request id b46cf1b332760038
24 verbose url raw /q
25 verbose url resolving [ 'https://registry.npmjs.org/', './q' ]
26 verbose url resolved https://registry.npmjs.org/q
27 verbose request where is https://registry.npmjs.org/q
28 info trying registry request attempt 1 at 09:07:41
29 verbose etag "2JWL6941RO5ZJ132K1L6PQ1PE"
30 http GET https://registry.npmjs.org/q
31 http 200 https://registry.npmjs.org/q
32 silly registry.get cb [ 200,
32 silly registry.get   { date: 'Tue, 18 Nov 2014 14:07:40 GMT',
32 silly registry.get     server: 'CouchDB/1.5.0 (Erlang OTP/R16B03)',
32 silly registry.get     etag: '"DZRR8MNJSBR4PG5JJ2ISUM55E"',
32 silly registry.get     'content-type': 'application/json',
32 silly registry.get     'cache-control': 'max-age=60',
32 silly registry.get     'content-length': '128745',
32 silly registry.get     'accept-ranges': 'bytes',
32 silly registry.get     via: '1.1 varnish',
32 silly registry.get     age: '22',
32 silly registry.get     'x-served-by': 'cache-ord1729-ORD',
32 silly registry.get     'x-cache': 'HIT',
32 silly registry.get     'x-cache-hits': '1',
32 silly registry.get     'x-timer': 'S1416319660.303315,VS0,VE1',
32 silly registry.get     vary: 'Accept',
32 silly registry.get     'keep-alive': 'timeout=10, max=50',
32 silly registry.get     connection: 'Keep-Alive' } ]
33 silly addNameRange number 2 { name: 'q', range: '*', hasData: true }
34 silly addNameRange versions [ 'q',
34 silly addNameRange   [ '0.0.0',
34 silly addNameRange     '0.0.1',
34 silly addNameRange     '0.0.2',
34 silly addNameRange     '0.0.3',
34 silly addNameRange     '0.1.0',
34 silly addNameRange     '0.1.1',
34 silly addNameRange     '0.1.2',
34 silly addNameRange     '0.1.3',
34 silly addNameRange     '0.1.4',
34 silly addNameRange     '0.1.5',
34 silly addNameRange     '0.1.6',
34 silly addNameRange     '0.1.7',
34 silly addNameRange     '0.1.8',
34 silly addNameRange     '0.1.9',
34 silly addNameRange     '0.2.0-rc1',
34 silly addNameRange     '0.2.0',
34 silly addNameRange     '0.2.1',
34 silly addNameRange     '0.2.2',
34 silly addNameRange     '0.2.3',
34 silly addNameRange     '0.2.4',
34 silly addNameRange     '0.2.5',
34 silly addNameRange     '0.2.6',
34 silly addNameRange     '0.2.7',
34 silly addNameRange     '0.2.8',
34 silly addNameRange     '0.2.9',
34 silly addNameRange     '0.3.0',
34 silly addNameRange     '0.2.10',
34 silly addNameRange     '0.4.0',
34 silly addNameRange     '0.4.1',
34 silly addNameRange     '0.4.2',
34 silly addNameRange     '0.4.4',
34 silly addNameRange     '0.5.0',
34 silly addNameRange     '0.5.1',
34 silly addNameRange     '0.5.2',
34 silly addNameRange     '0.5.3',
34 silly addNameRange     '0.6.0',
34 silly addNameRange     '0.7.0',
34 silly addNameRange     '0.7.1',
34 silly addNameRange     '0.7.2',
34 silly addNameRange     '0.8.0',
34 silly addNameRange     '0.8.1',
34 silly addNameRange     '0.8.2',
34 silly addNameRange     '0.8.3',
34 silly addNameRange     '0.8.4',
34 silly addNameRange     '0.8.5',
34 silly addNameRange     '0.8.6',
34 silly addNameRange     '0.8.7',
34 silly addNameRange     '0.8.8',
34 silly addNameRange     '0.8.9',
34 silly addNameRange     '0.8.10',
34 silly addNameRange     '0.8.11',
34 silly addNameRange     '0.8.12',
34 silly addNameRange     '0.9.0',
34 silly addNameRange     '0.9.1',
34 silly addNameRange     '0.9.2',
34 silly addNameRange     '0.9.3',
34 silly addNameRange     '0.9.4',
34 silly addNameRange     '0.9.5',
34 silly addNameRange     '0.9.6',
34 silly addNameRange     '0.9.7',
34 silly addNameRange     '1.0.0',
34 silly addNameRange     '1.0.1',
34 silly addNameRange     '2.0.0',
34 silly addNameRange     '2.0.1',
34 silly addNameRange     '2.0.2',
34 silly addNameRange     '1.1.0',
34 silly addNameRange     '1.1.1' ] ]
35 verbose addNamed [ 'q', '1.1.1' ]
36 verbose addNamed [ '1.1.1', '1.1.1' ]
37 silly lockFile 5716dc0c-q-1-1-1 q@1.1.1
38 verbose lock q@1.1.1 /Users/touzeyu/.npm/5716dc0c-q-1-1-1.lock
39 silly lockFile 29980c63-registry-npmjs-org-q-q-1-1-1-tgz https://registry.npmjs.org/q/-/q-1.1.1.tgz
40 verbose lock https://registry.npmjs.org/q/-/q-1.1.1.tgz /Users/touzeyu/.npm/29980c63-registry-npmjs-org-q-q-1-1-1-tgz.lock
41 verbose addRemoteTarball [ 'https://registry.npmjs.org/q/-/q-1.1.1.tgz',
41 verbose addRemoteTarball   '566c780b400628641b0263dee733cfbf89af9c9e' ]
42 info retry fetch attempt 1 at 09:07:41
43 verbose fetch to= /var/folders/bs/7zjkxhwd6gn06sp_xbkntfch0000gn/T/npm-20274-Miiep-7p/registry.npmjs.org/q/-/q-1.1.1.tgz
44 http GET https://registry.npmjs.org/q/-/q-1.1.1.tgz
45 http 200 https://registry.npmjs.org/q/-/q-1.1.1.tgz
46 silly lockFile 29980c63-registry-npmjs-org-q-q-1-1-1-tgz https://registry.npmjs.org/q/-/q-1.1.1.tgz
47 silly lockFile 29980c63-registry-npmjs-org-q-q-1-1-1-tgz https://registry.npmjs.org/q/-/q-1.1.1.tgz
48 silly lockFile 5716dc0c-q-1-1-1 q@1.1.1
49 silly lockFile 5716dc0c-q-1-1-1 q@1.1.1
50 silly lockFile f83edb5d-q q@
51 silly lockFile f83edb5d-q q@
52 error Error: EACCES, mkdir '/Users/touzeyu/.npm/q/1.1.1'
52 error  { [Error: EACCES, mkdir '/Users/touzeyu/.npm/q/1.1.1']
52 error   errno: 3,
52 error   code: 'EACCES',
52 error   path: '/Users/touzeyu/.npm/q/1.1.1',
52 error   parent: 'Importer-NodeJs-Server' }
53 error Please try running this command again as root/Administrator.
54 error System Darwin 14.0.0
55 error command "node" "/usr/local/bin/npm" "install" "q" "--save"
56 error cwd /Applications/MAMP/htdocs/Importer_Angular_Test/serverSideNodejs
57 error node -v v0.10.32
58 error npm -v 1.4.28
59 error path /Users/touzeyu/.npm/q/1.1.1
60 error code EACCES
61 error errno 3
62 error stack Error: EACCES, mkdir '/Users/touzeyu/.npm/q/1.1.1'
63 verbose exit [ 3, true ]
